[21:51:14 INFO]: Could not load world: System.IO.InvalidDataException: Persisted state is not valid
   at NitroxServer.Serialization.World.WorldPersistence.LoadFromFile() in C:\Users\Sunrunner\Desktop\Code\Nitrox\NitroxServer\Serialization\World\WorldPersistence.cs:line 78 creating a new one.
[21:51:14 DEBUG]: Event Triggerer started!
[21:51:14 INFO]: World GameMode: Survival
[21:51:14 INFO]: Server Password: None. Public Server.
[21:51:14 INFO]: Admin Password: KYCGAYNXEBEM
[21:51:14 INFO]: To get help for commands, run help in console or /help in chatbox
[21:51:14 INFO]: If playing on LAN, use this IP: 10.0.21.55
[21:51:14 INFO]: Using LiteNetLib as networking library
[21:51:14 INFO]: Nitrox Server Started
[21:51:14 INFO]: If using port forwarding, use this IP: 73.3.206.48
[21:52:14 INFO]: Saving world state.
[21:52:14 INFO]: World state saved.
[21:53:14 INFO]: Saving world state.
[21:53:14 INFO]: World state saved.
[21:54:14 INFO]: Saving world state.
[21:54:14 INFO]: World state saved.
[21:55:14 INFO]: Saving world state.
[21:55:14 INFO]: World state saved.
[21:56:14 INFO]: Saving world state.
[21:56:14 INFO]: World state saved.
[21:57:14 INFO]: Saving world state.
[21:57:14 INFO]: World state saved.
[21:57:22 INFO]: Nitrox Server Stopping...
[21:57:22 INFO]: Saving world state.
[21:57:22 INFO]: World state saved.
[21:57:22 INFO]: Nitrox Server Stopped
